09:00:45 **** Incremental Build of configuration Debug for project que1_interrupt_trigger.c ****
make -j12 all 
arm-none-eabi-gcc -o "que1_interrupt_trigger.c.elf" @"objects.list"   -mcpu=cortex-m4 -T"C:\Users\ADMIN\Desktop\ARM\IIT-08-A-ARM\Day-5\Led_Switch_EXTI-1\STM32F407VGTX_FLASH.ld" --specs=nosys.specs -Wl,-Map="que1_interrupt_trigger.c.map" -Wl,--gc-sections -static --specs=nano.specs -mfpu=fpv4-sp-d16 -mfloat-abi=soft -mthumb -Wl,--start-group -lc -lm -Wl,--end-group
C:/ST/STM32CubeIDE_1.19.0/STM32CubeIDE/plugins/com.st.stm32cube.ide.mcu.externaltools.gnu-tools-for-stm32.13.3.rel1.win32_1.0.0.202411081344/tools/bin/../lib/gcc/arm-none-eabi/13.3.1/../../../../arm-none-eabi/bin/ld.exe: ./Src/my_led.o: in function `led_init':
C:/Users/ADMIN/Desktop/ARM/IIT-08-A-ARM/Day-5/Led_Switch_EXTI-1/Debug/../Src/my_led.c:11: multiple definition of `led_init'; ./Src/main.o:C:/Users/ADMIN/Desktop/ARM/IIT-08-A-ARM/Day-5/Led_Switch_EXTI-1/Debug/../Src/main.c:47: first defined here
C:/ST/STM32CubeIDE_1.19.0/STM32CubeIDE/plugins/com.st.stm32cube.ide.mcu.externaltools.gnu-tools-for-stm32.13.3.rel1.win32_1.0.0.202411081344/tools/bin/../lib/gcc/arm-none-eabi/13.3.1/../../../../arm-none-eabi/bin/ld.exe: ./Src/my_led.o: in function `led_on':
C:/Users/ADMIN/Desktop/ARM/IIT-08-A-ARM/Day-5/Led_Switch_EXTI-1/Debug/../Src/my_led.c:27: multiple definition of `led_on'; ./Src/main.o:C:/Users/ADMIN/Desktop/ARM/IIT-08-A-ARM/Day-5/Led_Switch_EXTI-1/Debug/../Src/main.c:63: first defined here
C:/ST/STM32CubeIDE_1.19.0/STM32CubeIDE/plugins/com.st.stm32cube.ide.mcu.externaltools.gnu-tools-for-stm32.13.3.rel1.win32_1.0.0.202411081344/tools/bin/../lib/gcc/arm-none-eabi/13.3.1/../../../../arm-none-eabi/bin/ld.exe: ./Src/my_led.o: in function `led_off':
C:/Users/ADMIN/Desktop/ARM/IIT-08-A-ARM/Day-5/Led_Switch_EXTI-1/Debug/../Src/my_led.c:31: multiple definition of `led_off'; ./Src/main.o:C:/Users/ADMIN/Desktop/ARM/IIT-08-A-ARM/Day-5/Led_Switch_EXTI-1/Debug/../Src/main.c:67: first defined here
collect2.exe: error: ld returned 1 exit status
make: *** [makefile:63: que1_interrupt_trigger.c.elf] Error 1
"make -j12 all" terminated with exit code 2. Build might be incomplete.

09:00:45 Build Failed. 4 errors, 0 warnings. (took 256ms)

