10:49:45 **** Incremental Build of configuration Debug for project que3.c ****
make -j12 all 
arm-none-eabi-gcc -o "que3.c.elf" @"objects.list"   -mcpu=cortex-m4 -T"C:\ST\HALCODE\que3.c\STM32F407VGTX_FLASH.ld" --specs=nosys.specs -Wl,-Map="que3.c.map" -Wl,--gc-sections -static --specs=nano.specs -mfpu=fpv4-sp-d16 -mfloat-abi=hard -mthumb -Wl,--start-group -lc -lm -Wl,--end-group
C:/ST/STM32CubeIDE_1.19.0/STM32CubeIDE/plugins/com.st.stm32cube.ide.mcu.externaltools.gnu-tools-for-stm32.13.3.rel1.win32_1.0.0.202411081344/tools/bin/../lib/gcc/arm-none-eabi/13.3.1/../../../../arm-none-eabi/bin/ld.exe: ./Core/Src/main.o: in function `main':
C:/ST/HALCODE/que3.c/Debug/../Core/Src/main.c:100:(.text.main+0x28): undefined reference to `HAL_delay'
C:/ST/STM32CubeIDE_1.19.0/STM32CubeIDE/plugins/com.st.stm32cube.ide.mcu.externaltools.gnu-tools-for-stm32.13.3.rel1.win32_1.0.0.202411081344/tools/bin/../lib/gcc/arm-none-eabi/13.3.1/../../../../arm-none-eabi/bin/ld.exe: C:/ST/HALCODE/que3.c/Debug/../Core/Src/main.c:102:(.text.main+0x3c): undefined reference to `HAL_delay'
collect2.exe: error: ld returned 1 exit status
make: *** [makefile:64: que3.c.elf] Error 1
"make -j12 all" terminated with exit code 2. Build might be incomplete.

10:49:45 Build Failed. 3 errors, 0 warnings. (took 367ms)

